[02-Aug-2023 04:47:06 Europe/Berlin] prueba de error
[02-Aug-2023 05:34:16 Europe/Berlin] Conexión establecida
[01-Aug-2023 22:34:44 America/Bogota] Conexión establecida
[02-Aug-2023 08:24:14 America/Bogota] PHP Parse error:  Unclosed '{' on line 6 in C:\xampp\htdocs\API\src\Controllers\FoodController.php on line 26
[02-Aug-2023 09:21:14 America/Bogota] PHP Fatal error:  Uncaught Error: Class "App\Models\FoodModel" not found in C:\xampp\htdocs\API\src\Controllers\FoodController.php:14
Stack trace:
#0 C:\xampp\htdocs\API\src\Routes\food.php(13): App\Controllers\FoodController->getAll('food/')
#1 C:\xampp\htdocs\API\public\index.php(22): require('C:\\xampp\\htdocs...')
#2 {main}
  thrown in C:\xampp\htdocs\API\src\Controllers\FoodController.php on line 14
[02-Aug-2023 09:26:30 America/Bogota] Conexión establecida
[02-Aug-2023 10:10:40 America/Bogota] PHP Warning:  Undefined variable $params in C:\xampp\htdocs\API\index.php on line 15
[02-Aug-2023 10:10:40 America/Bogota] PHP Warning:  Trying to access array offset on value of type null in C:\xampp\htdocs\API\index.php on line 15
[02-Aug-2023 10:11:23 America/Bogota] PHP Warning:  Undefined variable $params in C:\xampp\htdocs\API\index.php on line 15
[02-Aug-2023 10:11:23 America/Bogota] PHP Warning:  Trying to access array offset on value of type null in C:\xampp\htdocs\API\index.php on line 15
[02-Aug-2023 10:13:23 America/Bogota] Campos de la DB vacios
[02-Aug-2023 10:16:28 America/Bogota] Campos de la DB vacios
[02-Aug-2023 10:17:26 America/Bogota] Conexión establecida
[02-Aug-2023 10:18:17 America/Bogota] Conexión establecida
[02-Aug-2023 10:29:16 America/Bogota] Conexión establecida
[02-Aug-2023 10:29:50 America/Bogota] Conexión establecida
[02-Aug-2023 10:31:45 America/Bogota] Conexión establecida
[02-Aug-2023 10:31:45 America/Bogota] FoodModel::getAll -> PDOException: SQLSTATE[42000]: Syntax error or access violation: 1064 You have an error in your SQL syntax; check the manual that corresponds to your MySQL server version for the right syntax to use near ':id_category' at line 1 in C:\xampp\htdocs\API\src\Models\FoodModel.php:41
Stack trace:
#0 C:\xampp\htdocs\API\src\Models\FoodModel.php(41): PDOStatement->execute()
#1 C:\xampp\htdocs\API\src\Controllers\FoodController.php(14): App\Models\FoodModel::getAll()
#2 C:\xampp\htdocs\API\src\Routes\food.php(13): App\Controllers\FoodController->getAll('food/')
#3 C:\xampp\htdocs\API\index.php(23): require('C:\\xampp\\htdocs...')
#4 {main}
[02-Aug-2023 10:44:22 America/Bogota] Conexión establecida
[02-Aug-2023 10:47:49 America/Bogota] Conexión establecida
[02-Aug-2023 10:51:34 America/Bogota] PHP Warning:  Undefined array key 3 in C:\xampp\htdocs\API\src\Routes\food.php on line 14
[02-Aug-2023 10:51:53 America/Bogota] PHP Warning:  Undefined array key 2 in C:\xampp\htdocs\API\src\Routes\food.php on line 14
[02-Aug-2023 10:52:38 America/Bogota] Conexión establecida
[02-Aug-2023 10:54:22 America/Bogota] Conexión establecida
[02-Aug-2023 10:54:22 America/Bogota] PHP Fatal error:  Uncaught Error: Access to undeclared static property App\Models\FoodModel::$id_category in C:\xampp\htdocs\API\src\Models\FoodModel.php:25
Stack trace:
#0 C:\xampp\htdocs\API\src\Models\FoodModel.php(62): App\Models\FoodModel::getIdCategory()
#1 C:\xampp\htdocs\API\src\Controllers\FoodController.php(22): App\Models\FoodModel::getByCategory()
#2 C:\xampp\htdocs\API\src\Routes\food.php(14): App\Controllers\FoodController->getByCategory('food/2')
#3 C:\xampp\htdocs\API\index.php(23): require('C:\\xampp\\htdocs...')
#4 {main}
  thrown in C:\xampp\htdocs\API\src\Models\FoodModel.php on line 25
[02-Aug-2023 10:54:34 America/Bogota] Conexión establecida
[02-Aug-2023 10:54:34 America/Bogota] PHP Fatal error:  Uncaught Error: Access to undeclared static property App\Models\FoodModel::$id_category in C:\xampp\htdocs\API\src\Models\FoodModel.php:25
Stack trace:
#0 C:\xampp\htdocs\API\src\Models\FoodModel.php(62): App\Models\FoodModel::getIdCategory()
#1 C:\xampp\htdocs\API\src\Controllers\FoodController.php(22): App\Models\FoodModel::getByCategory()
#2 C:\xampp\htdocs\API\src\Routes\food.php(14): App\Controllers\FoodController->getByCategory('food/pizza')
#3 C:\xampp\htdocs\API\index.php(23): require('C:\\xampp\\htdocs...')
#4 {main}
  thrown in C:\xampp\htdocs\API\src\Models\FoodModel.php on line 25
[02-Aug-2023 10:56:10 America/Bogota] PHP Warning:  Undefined array key 2 in C:\xampp\htdocs\API\src\Routes\food.php on line 14
[02-Aug-2023 10:56:18 America/Bogota] PHP Warning:  Undefined array key 2 in C:\xampp\htdocs\API\src\Routes\food.php on line 14
[02-Aug-2023 10:56:26 America/Bogota] PHP Warning:  Undefined array key 2 in C:\xampp\htdocs\API\src\Routes\food.php on line 14
[02-Aug-2023 10:59:33 America/Bogota] PHP Warning:  Undefined array key 2 in C:\xampp\htdocs\API\src\Routes\food.php on line 14
[02-Aug-2023 10:59:41 America/Bogota] PHP Warning:  Undefined array key 2 in C:\xampp\htdocs\API\src\Routes\food.php on line 14
[02-Aug-2023 11:00:34 America/Bogota] PHP Fatal error:  Uncaught TypeError: App\Controllers\FoodController::getByCategory(): Argument #1 ($endPoint) must be of type int, string given, called in C:\xampp\htdocs\API\src\Routes\food.php on line 14 and defined in C:\xampp\htdocs\API\src\Controllers\FoodController.php:19
Stack trace:
#0 C:\xampp\htdocs\API\src\Routes\food.php(14): App\Controllers\FoodController->getByCategory('food/1')
#1 C:\xampp\htdocs\API\index.php(23): require('C:\\xampp\\htdocs...')
#2 {main}
  thrown in C:\xampp\htdocs\API\src\Controllers\FoodController.php on line 19
[02-Aug-2023 11:00:50 America/Bogota] Conexión establecida
[02-Aug-2023 11:00:50 America/Bogota] PHP Fatal error:  Uncaught Error: Access to undeclared static property App\Models\FoodModel::$id_category in C:\xampp\htdocs\API\src\Models\FoodModel.php:25
Stack trace:
#0 C:\xampp\htdocs\API\src\Models\FoodModel.php(62): App\Models\FoodModel::getIdCategory()
#1 C:\xampp\htdocs\API\src\Controllers\FoodController.php(22): App\Models\FoodModel::getByCategory()
#2 C:\xampp\htdocs\API\src\Routes\food.php(14): App\Controllers\FoodController->getByCategory('food/1')
#3 C:\xampp\htdocs\API\index.php(23): require('C:\\xampp\\htdocs...')
#4 {main}
  thrown in C:\xampp\htdocs\API\src\Models\FoodModel.php on line 25
[02-Aug-2023 11:01:06 America/Bogota] PHP Fatal error:  Uncaught Error: Non-static method App\Models\FoodModel::getByCategory() cannot be called statically in C:\xampp\htdocs\API\src\Controllers\FoodController.php:22
Stack trace:
#0 C:\xampp\htdocs\API\src\Routes\food.php(14): App\Controllers\FoodController->getByCategory('food/1')
#1 C:\xampp\htdocs\API\index.php(23): require('C:\\xampp\\htdocs...')
#2 {main}
  thrown in C:\xampp\htdocs\API\src\Controllers\FoodController.php on line 22
[02-Aug-2023 11:05:04 America/Bogota] Conexión establecida
[02-Aug-2023 11:05:57 America/Bogota] Conexión establecida
[02-Aug-2023 11:12:45 America/Bogota] Conexión establecida
[02-Aug-2023 14:59:16 America/Bogota] Conexión establecida
[02-Aug-2023 15:00:03 America/Bogota] Conexión establecida
[02-Aug-2023 15:01:36 America/Bogota] PHP Fatal error:  Uncaught Error: Call to undefined method App\Controllers\FoodController::getParams() in C:\xampp\htdocs\API\src\Controllers\FoodController.php:22
Stack trace:
#0 C:\xampp\htdocs\API\src\Routes\food.php(14): App\Controllers\FoodController->postSave('food/')
#1 C:\xampp\htdocs\API\index.php(23): require('C:\\xampp\\htdocs...')
#2 {main}
  thrown in C:\xampp\htdocs\API\src\Controllers\FoodController.php on line 22
[02-Aug-2023 15:17:47 America/Bogota] PHP Fatal error:  Uncaught Error: Call to undefined method App\Controllers\FoodController::getParams() in C:\xampp\htdocs\API\src\Controllers\FoodController.php:24
Stack trace:
#0 C:\xampp\htdocs\API\src\Routes\food.php(14): App\Controllers\FoodController->postSave('food/')
#1 C:\xampp\htdocs\API\index.php(23): require('C:\\xampp\\htdocs...')
#2 {main}
  thrown in C:\xampp\htdocs\API\src\Controllers\FoodController.php on line 24
[02-Aug-2023 15:19:03 America/Bogota] PHP Fatal error:  Uncaught Error: Access to undeclared static property App\Models\FoodModel::$name in C:\xampp\htdocs\API\src\Models\FoodModel.php:23
Stack trace:
#0 C:\xampp\htdocs\API\src\Models\FoodModel.php(55): App\Models\FoodModel::getName()
#1 C:\xampp\htdocs\API\src\Controllers\FoodController.php(23): App\Models\FoodModel::postSave()
#2 C:\xampp\htdocs\API\src\Routes\food.php(14): App\Controllers\FoodController->postSave('food/')
#3 C:\xampp\htdocs\API\index.php(23): require('C:\\xampp\\htdocs...')
#4 {main}
  thrown in C:\xampp\htdocs\API\src\Models\FoodModel.php on line 23
[02-Aug-2023 15:19:54 America/Bogota] Conexión establecida
[02-Aug-2023 15:19:54 America/Bogota] PHP Fatal error:  Uncaught Error: Access to undeclared static property App\Models\FoodModel::$name in C:\xampp\htdocs\API\src\Models\FoodModel.php:58
Stack trace:
#0 C:\xampp\htdocs\API\src\Controllers\FoodController.php(23): App\Models\FoodModel::postSave()
#1 C:\xampp\htdocs\API\src\Routes\food.php(14): App\Controllers\FoodController->postSave('food/')
#2 C:\xampp\htdocs\API\index.php(23): require('C:\\xampp\\htdocs...')
#3 {main}
  thrown in C:\xampp\htdocs\API\src\Models\FoodModel.php on line 58
[02-Aug-2023 15:21:47 America/Bogota] Conexión establecida
[02-Aug-2023 15:21:47 America/Bogota] PHP Fatal error:  Uncaught Error: Access to undeclared static property App\Models\FoodModel::$name in C:\xampp\htdocs\API\src\Models\FoodModel.php:59
Stack trace:
#0 C:\xampp\htdocs\API\src\Controllers\FoodController.php(24): App\Models\FoodModel::postSave()
#1 C:\xampp\htdocs\API\src\Routes\food.php(14): App\Controllers\FoodController->postSave('food/')
#2 C:\xampp\htdocs\API\index.php(23): require('C:\\xampp\\htdocs...')
#3 {main}
  thrown in C:\xampp\htdocs\API\src\Models\FoodModel.php on line 59
[02-Aug-2023 15:21:48 America/Bogota] Conexión establecida
[02-Aug-2023 15:21:48 America/Bogota] PHP Fatal error:  Uncaught Error: Access to undeclared static property App\Models\FoodModel::$name in C:\xampp\htdocs\API\src\Models\FoodModel.php:59
Stack trace:
#0 C:\xampp\htdocs\API\src\Controllers\FoodController.php(24): App\Models\FoodModel::postSave()
#1 C:\xampp\htdocs\API\src\Routes\food.php(14): App\Controllers\FoodController->postSave('food/')
#2 C:\xampp\htdocs\API\index.php(23): require('C:\\xampp\\htdocs...')
#3 {main}
  thrown in C:\xampp\htdocs\API\src\Models\FoodModel.php on line 59
[02-Aug-2023 15:22:04 America/Bogota] Conexión establecida
[02-Aug-2023 15:22:04 America/Bogota] PHP Fatal error:  Uncaught Error: Access to undeclared static property App\Models\FoodModel::$name in C:\xampp\htdocs\API\src\Models\FoodModel.php:59
Stack trace:
#0 C:\xampp\htdocs\API\src\Controllers\FoodController.php(24): App\Models\FoodModel::postSave()
#1 C:\xampp\htdocs\API\src\Routes\food.php(14): App\Controllers\FoodController->postSave('food/')
#2 C:\xampp\htdocs\API\index.php(23): require('C:\\xampp\\htdocs...')
#3 {main}
  thrown in C:\xampp\htdocs\API\src\Models\FoodModel.php on line 59
[02-Aug-2023 15:22:56 America/Bogota] Conexión establecida
[02-Aug-2023 15:22:56 America/Bogota] PHP Fatal error:  Uncaught Error: Access to undeclared static property App\Models\FoodModel::$name in C:\xampp\htdocs\API\src\Models\FoodModel.php:59
Stack trace:
#0 C:\xampp\htdocs\API\src\Controllers\FoodController.php(24): App\Models\FoodModel::postSave()
#1 C:\xampp\htdocs\API\src\Routes\food.php(14): App\Controllers\FoodController->postSave('food/')
#2 C:\xampp\htdocs\API\index.php(23): require('C:\\xampp\\htdocs...')
#3 {main}
  thrown in C:\xampp\htdocs\API\src\Models\FoodModel.php on line 59
[02-Aug-2023 15:23:42 America/Bogota] Conexión establecida
[02-Aug-2023 15:23:42 America/Bogota] PHP Fatal error:  Uncaught Error: Access to undeclared static property App\Models\FoodModel::$name in C:\xampp\htdocs\API\src\Models\FoodModel.php:58
Stack trace:
#0 C:\xampp\htdocs\API\src\Controllers\FoodController.php(24): App\Models\FoodModel::postSave()
#1 C:\xampp\htdocs\API\src\Routes\food.php(14): App\Controllers\FoodController->postSave('food/')
#2 C:\xampp\htdocs\API\index.php(23): require('C:\\xampp\\htdocs...')
#3 {main}
  thrown in C:\xampp\htdocs\API\src\Models\FoodModel.php on line 58
[02-Aug-2023 15:23:44 America/Bogota] Conexión establecida
[02-Aug-2023 15:23:44 America/Bogota] PHP Fatal error:  Uncaught Error: Access to undeclared static property App\Models\FoodModel::$name in C:\xampp\htdocs\API\src\Models\FoodModel.php:58
Stack trace:
#0 C:\xampp\htdocs\API\src\Controllers\FoodController.php(24): App\Models\FoodModel::postSave()
#1 C:\xampp\htdocs\API\src\Routes\food.php(14): App\Controllers\FoodController->postSave('food/')
#2 C:\xampp\htdocs\API\index.php(23): require('C:\\xampp\\htdocs...')
#3 {main}
  thrown in C:\xampp\htdocs\API\src\Models\FoodModel.php on line 58
[02-Aug-2023 15:26:40 America/Bogota] Conexión establecida
[02-Aug-2023 15:26:40 America/Bogota] PHP Fatal error:  Uncaught Error: Typed static property App\Models\FoodModel::$name must not be accessed before initialization in C:\xampp\htdocs\API\src\Models\FoodModel.php:58
Stack trace:
#0 C:\xampp\htdocs\API\src\Controllers\FoodController.php(24): App\Models\FoodModel::postSave()
#1 C:\xampp\htdocs\API\src\Routes\food.php(14): App\Controllers\FoodController->postSave('food/')
#2 C:\xampp\htdocs\API\index.php(23): require('C:\\xampp\\htdocs...')
#3 {main}
  thrown in C:\xampp\htdocs\API\src\Models\FoodModel.php on line 58
[02-Aug-2023 15:30:32 America/Bogota] PHP Fatal error:  Uncaught Error: Non-static method App\Models\FoodModel::postSave() cannot be called statically in C:\xampp\htdocs\API\src\Controllers\FoodController.php:24
Stack trace:
#0 C:\xampp\htdocs\API\src\Routes\food.php(14): App\Controllers\FoodController->postSave('food/')
#1 C:\xampp\htdocs\API\index.php(23): require('C:\\xampp\\htdocs...')
#2 {main}
  thrown in C:\xampp\htdocs\API\src\Controllers\FoodController.php on line 24
[02-Aug-2023 15:33:02 America/Bogota] PHP Fatal error:  Uncaught Error: Call to undefined method App\Controllers\FoodController::getRequestData() in C:\xampp\htdocs\API\src\Controllers\FoodController.php:28
Stack trace:
#0 C:\xampp\htdocs\API\src\Routes\food.php(14): App\Controllers\FoodController->postSave('food/')
#1 C:\xampp\htdocs\API\index.php(23): require('C:\\xampp\\htdocs...')
#2 {main}
  thrown in C:\xampp\htdocs\API\src\Controllers\FoodController.php on line 28
[02-Aug-2023 15:35:24 America/Bogota] Conexión establecida
[02-Aug-2023 15:35:40 America/Bogota] Conexión establecida
[02-Aug-2023 15:35:43 America/Bogota] PHP Warning:  Undefined array key "name" in C:\xampp\htdocs\API\src\Models\FoodModel.php on line 17
[02-Aug-2023 15:35:43 America/Bogota] PHP Warning:  Undefined array key "description" in C:\xampp\htdocs\API\src\Models\FoodModel.php on line 18
[02-Aug-2023 15:35:43 America/Bogota] PHP Warning:  Undefined array key "id_category" in C:\xampp\htdocs\API\src\Models\FoodModel.php on line 19
[02-Aug-2023 15:35:43 America/Bogota] PHP Warning:  Undefined array key "price" in C:\xampp\htdocs\API\src\Models\FoodModel.php on line 20
[02-Aug-2023 15:35:43 America/Bogota] Conexión establecida
[02-Aug-2023 15:38:31 America/Bogota] Conexión establecida
[02-Aug-2023 15:54:55 America/Bogota] PHP Fatal error:  Uncaught Error: Call to undefined method App\Controllers\FoodController::postSave() in C:\xampp\htdocs\API\src\Routes\food.php:14
Stack trace:
#0 C:\xampp\htdocs\API\index.php(23): require()
#1 {main}
  thrown in C:\xampp\htdocs\API\src\Routes\food.php on line 14
[02-Aug-2023 16:05:04 America/Bogota] Conexión establecida
[02-Aug-2023 16:05:04 America/Bogota] FoodModel::getAll -> PDOException: SQLSTATE[42000]: Syntax error or access violation: 1064 You have an error in your SQL syntax; check the manual that corresponds to your MySQL server version for the right syntax to use near ':category_id' at line 4 in C:\xampp\htdocs\API\src\Models\FoodModel.php:55
Stack trace:
#0 C:\xampp\htdocs\API\src\Models\FoodModel.php(55): PDOStatement->execute()
#1 C:\xampp\htdocs\API\src\Controllers\FoodController.php(18): App\Models\FoodModel::getAll()
#2 C:\xampp\htdocs\API\src\Routes\food.php(13): App\Controllers\FoodController->getAll('food/')
#3 C:\xampp\htdocs\API\index.php(23): require('C:\\xampp\\htdocs...')
#4 {main}
[02-Aug-2023 16:05:16 America/Bogota] Conexión establecida
[02-Aug-2023 16:05:25 America/Bogota] Conexión establecida
[02-Aug-2023 16:11:50 America/Bogota] Conexión establecida
[02-Aug-2023 16:11:53 America/Bogota] Conexión establecida
